{"/home/travis/build/npmtest/node-npmtest-randomcolor/test.js":{"path":"/home/travis/build/npmtest/node-npmtest-randomcolor/test.js","s":{"1":2,"2":2,"3":2,"4":2,"5":2,"6":2,"7":2,"8":1,"9":2,"10":2,"11":1,"12":1,"13":1,"14":1,"15":2,"16":2,"17":2,"18":2,"19":1,"20":1,"21":2,"22":2,"23":2,"24":1,"25":1,"26":1,"27":1,"28":1,"29":1,"30":1,"31":1,"32":1,"33":1,"34":1,"35":1,"36":1,"37":2,"38":2,"39":1,"40":2,"41":2,"42":1,"43":2,"44":2,"45":1,"46":2,"47":2,"48":1,"49":1,"50":1,"51":1,"52":1},"b":{"1":[2,1,1,1],"2":[1,1,1,1],"3":[1,1],"4":[1,1],"5":[1,1],"6":[1,1],"7":[1,1],"8":[1,1],"9":[1,1,1],"10":[1,1],"11":[1,1],"12":[1,1],"13":[1,1],"14":[1,1],"15":[1,1],"16":[1,1]},"f":{"1":2,"2":2,"3":2,"4":2,"5":2,"6":1,"7":1,"8":2,"9":2,"10":2,"11":2,"12":1},"fnMap":{"1":{"name":"(anonymous_1)","line":12,"loc":{"start":{"line":12,"column":1},"end":{"line":12,"column":13}}},"2":{"name":"(anonymous_2)","line":19,"loc":{"start":{"line":19,"column":5},"end":{"line":19,"column":17}}},"3":{"name":"(anonymous_3)","line":23,"loc":{"start":{"line":23,"column":24},"end":{"line":23,"column":36}}},"4":{"name":"(anonymous_4)","line":61,"loc":{"start":{"line":61,"column":5},"end":{"line":61,"column":17}}},"5":{"name":"(anonymous_5)","line":82,"loc":{"start":{"line":82,"column":5},"end":{"line":82,"column":17}}},"6":{"name":"(anonymous_6)","line":102,"loc":{"start":{"line":102,"column":83},"end":{"line":105,"column":10}},"skip":true},"7":{"name":"(anonymous_7)","line":113,"loc":{"start":{"line":113,"column":77},"end":{"line":116,"column":10}},"skip":true},"8":{"name":"(anonymous_8)","line":129,"loc":{"start":{"line":129,"column":12},"end":{"line":129,"column":40}},"skip":true},"9":{"name":"(anonymous_9)","line":137,"loc":{"start":{"line":137,"column":77},"end":{"line":140,"column":10}},"skip":true},"10":{"name":"(anonymous_10)","line":148,"loc":{"start":{"line":148,"column":83},"end":{"line":151,"column":10}},"skip":true},"11":{"name":"(anonymous_11)","line":159,"loc":{"start":{"line":159,"column":79},"end":{"line":162,"column":10}},"skip":true},"12":{"name":"(anonymous_12)","line":170,"loc":{"start":{"line":170,"column":75},"end":{"line":173,"column":10}},"skip":true}},"statementMap":{"1":{"start":{"line":12,"column":0},"end":{"line":185,"column":5}},"2":{"start":{"line":14,"column":4},"end":{"line":14,"column":14}},"3":{"start":{"line":19,"column":4},"end":{"line":56,"column":9}},"4":{"start":{"line":21,"column":8},"end":{"line":21,"column":19}},"5":{"start":{"line":23,"column":8},"end":{"line":35,"column":13}},"6":{"start":{"line":24,"column":12},"end":{"line":34,"column":13}},"7":{"start":{"line":25,"column":16},"end":{"line":28,"column":30}},"8":{"start":{"line":30,"column":16},"end":{"line":33,"column":27}},"9":{"start":{"line":37,"column":8},"end":{"line":39,"column":21}},"10":{"start":{"line":40,"column":8},"end":{"line":53,"column":9}},"11":{"start":{"line":43,"column":12},"end":{"line":46,"column":14}},"12":{"start":{"line":47,"column":12},"end":{"line":47,"column":18}},"13":{"start":{"line":50,"column":12},"end":{"line":51,"column":46}},"14":{"start":{"line":52,"column":12},"end":{"line":52,"column":18}},"15":{"start":{"line":55,"column":8},"end":{"line":55,"column":35}},"16":{"start":{"line":61,"column":4},"end":{"line":63,"column":9}},"17":{"start":{"line":62,"column":8},"end":{"line":62,"column":15}},"18":{"start":{"line":64,"column":4},"end":{"line":77,"column":5}},"19":{"start":{"line":70,"column":8},"end":{"line":70,"column":14}},"20":{"start":{"line":76,"column":8},"end":{"line":76,"column":14}},"21":{"start":{"line":82,"column":4},"end":{"line":84,"column":9}},"22":{"start":{"line":83,"column":8},"end":{"line":83,"column":15}},"23":{"start":{"line":85,"column":4},"end":{"line":184,"column":5}},"24":{"start":{"line":92,"column":8},"end":{"line":94,"column":63}},"25":{"start":{"line":95,"column":8},"end":{"line":95,"column":14}},"26":{"start":{"line":102,"column":8},"end":{"line":111,"column":10},"skip":true},"27":{"start":{"line":109,"column":12},"end":{"line":109,"column":55},"skip":true},"28":{"start":{"line":110,"column":12},"end":{"line":110,"column":48},"skip":true},"29":{"start":{"line":113,"column":8},"end":{"line":126,"column":10},"skip":true},"30":{"start":{"line":120,"column":12},"end":{"line":120,"column":76},"skip":true},"31":{"start":{"line":121,"column":12},"end":{"line":121,"column":73},"skip":true},"32":{"start":{"line":122,"column":12},"end":{"line":122,"column":74},"skip":true},"33":{"start":{"line":123,"column":12},"end":{"line":123,"column":79},"skip":true},"34":{"start":{"line":124,"column":12},"end":{"line":124,"column":25},"skip":true},"35":{"start":{"line":125,"column":12},"end":{"line":125,"column":45},"skip":true},"36":{"start":{"line":128,"column":8},"end":{"line":135,"column":14},"skip":true},"37":{"start":{"line":133,"column":16},"end":{"line":133,"column":29},"skip":true},"38":{"start":{"line":134,"column":16},"end":{"line":134,"column":55},"skip":true},"39":{"start":{"line":137,"column":8},"end":{"line":146,"column":10},"skip":true},"40":{"start":{"line":144,"column":12},"end":{"line":144,"column":25},"skip":true},"41":{"start":{"line":145,"column":12},"end":{"line":145,"column":45},"skip":true},"42":{"start":{"line":148,"column":8},"end":{"line":157,"column":10},"skip":true},"43":{"start":{"line":155,"column":12},"end":{"line":155,"column":25},"skip":true},"44":{"start":{"line":156,"column":12},"end":{"line":156,"column":48},"skip":true},"45":{"start":{"line":159,"column":8},"end":{"line":168,"column":10},"skip":true},"46":{"start":{"line":166,"column":12},"end":{"line":166,"column":25},"skip":true},"47":{"start":{"line":167,"column":12},"end":{"line":167,"column":46},"skip":true},"48":{"start":{"line":170,"column":8},"end":{"line":179,"column":10},"skip":true},"49":{"start":{"line":177,"column":12},"end":{"line":177,"column":94},"skip":true},"50":{"start":{"line":178,"column":12},"end":{"line":178,"column":48},"skip":true},"51":{"start":{"line":182,"column":8},"end":{"line":182,"column":35},"skip":true},"52":{"start":{"line":183,"column":8},"end":{"line":183,"column":14},"skip":true}},"branchMap":{"1":{"line":25,"type":"binary-expr","locations":[{"start":{"line":25,"column":23},"end":{"line":25,"column":62}},{"start":{"line":26,"column":20},"end":{"line":26,"column":70}},{"start":{"line":27,"column":20},"end":{"line":27,"column":71}},{"start":{"line":28,"column":20},"end":{"line":28,"column":29}}]},"2":{"line":30,"type":"binary-expr","locations":[{"start":{"line":30,"column":23},"end":{"line":30,"column":37}},{"start":{"line":31,"column":20},"end":{"line":31,"column":61}},{"start":{"line":32,"column":20},"end":{"line":32,"column":70}},{"start":{"line":33,"column":20},"end":{"line":33,"column":26}}]},"3":{"line":37,"type":"cond-expr","locations":[{"start":{"line":38,"column":14},"end":{"line":38,"column":20}},{"start":{"line":39,"column":14},"end":{"line":39,"column":20}}]},"4":{"line":40,"type":"switch","locations":[{"start":{"line":42,"column":8},"end":{"line":47,"column":18}},{"start":{"line":49,"column":8},"end":{"line":52,"column":18}}]},"5":{"line":44,"type":"binary-expr","locations":[{"start":{"line":44,"column":16},"end":{"line":44,"column":44}},{"start":{"line":44,"column":48},"end":{"line":44,"column":66}}]},"6":{"line":50,"type":"binary-expr","locations":[{"start":{"line":50,"column":21},"end":{"line":50,"column":49}},{"start":{"line":50,"column":53},"end":{"line":50,"column":72}}]},"7":{"line":64,"type":"switch","locations":[{"start":{"line":69,"column":4},"end":{"line":70,"column":14}},{"start":{"line":75,"column":4},"end":{"line":76,"column":14}}]},"8":{"line":85,"type":"switch","locations":[{"start":{"line":90,"column":4},"end":{"line":95,"column":14}},{"start":{"line":101,"column":4},"end":{"line":183,"column":14},"skip":true}]},"9":{"line":92,"type":"binary-expr","locations":[{"start":{"line":92,"column":18},"end":{"line":92,"column":32}},{"start":{"line":93,"column":12},"end":{"line":93,"column":53}},{"start":{"line":94,"column":12},"end":{"line":94,"column":61}}]},"10":{"line":102,"type":"binary-expr","locations":[{"start":{"line":102,"column":45},"end":{"line":102,"column":79},"skip":true},{"start":{"line":102,"column":83},"end":{"line":111,"column":9},"skip":true}]},"11":{"line":113,"type":"binary-expr","locations":[{"start":{"line":113,"column":42},"end":{"line":113,"column":73},"skip":true},{"start":{"line":113,"column":77},"end":{"line":126,"column":9},"skip":true}]},"12":{"line":128,"type":"binary-expr","locations":[{"start":{"line":128,"column":48},"end":{"line":128,"column":85},"skip":true},{"start":{"line":129,"column":12},"end":{"line":135,"column":13},"skip":true}]},"13":{"line":137,"type":"binary-expr","locations":[{"start":{"line":137,"column":42},"end":{"line":137,"column":73},"skip":true},{"start":{"line":137,"column":77},"end":{"line":146,"column":9},"skip":true}]},"14":{"line":148,"type":"binary-expr","locations":[{"start":{"line":148,"column":45},"end":{"line":148,"column":79},"skip":true},{"start":{"line":148,"column":83},"end":{"line":157,"column":9},"skip":true}]},"15":{"line":159,"type":"binary-expr","locations":[{"start":{"line":159,"column":43},"end":{"line":159,"column":75},"skip":true},{"start":{"line":159,"column":79},"end":{"line":168,"column":9},"skip":true}]},"16":{"line":170,"type":"binary-expr","locations":[{"start":{"line":170,"column":41},"end":{"line":170,"column":71},"skip":true},{"start":{"line":170,"column":75},"end":{"line":179,"column":9},"skip":true}]}},"code":["/* istanbul instrument in package npmtest_randomcolor */","/*jslint","    bitwise: true,","    browser: true,","    maxerr: 8,","    maxlen: 96,","    node: true,","    nomen: true,","    regexp: true,","    stupid: true","*/","(function () {","    'use strict';","    var local;","","","","    // run shared js-env code - pre-init","    (function () {","        // init local","        local = {};","        // init modeJs","        local.modeJs = (function () {","            try {","                return typeof navigator.userAgent === 'string' &&","                    typeof document.querySelector('body') === 'object' &&","                    typeof XMLHttpRequest.prototype.open === 'function' &&","                    'browser';","            } catch (errorCaughtBrowser) {","                return module.exports &&","                    typeof process.versions.node === 'string' &&","                    typeof require('http').createServer === 'function' &&","                    'node';","            }","        }());","        // init global","        local.global = local.modeJs === 'browser'","            ? window","            : global;","        switch (local.modeJs) {","        // re-init local from window.local","        case 'browser':","            local = local.global.utility2.objectSetDefault(","                local.global.utility2_rollup || local.global.local,","                local.global.utility2","            );","            break;","        // re-init local from example.js","        case 'node':","            local = (local.global.utility2_rollup || require('utility2'))","                .requireExampleJsFromReadme();","            break;","        }","        // export local","        local.global.local = local;","    }());","","","","    // run shared js-env code - function","    (function () {","        return;","    }());","    switch (local.modeJs) {","","","","    // run browser js-env code - function","    case 'browser':","        break;","","","","    // run node js-env code - function","    case 'node':","        break;","    }","","","","    // run shared js-env code - post-init","    (function () {","        return;","    }());","    switch (local.modeJs) {","","","","    // run browser js-env code - post-init","    case 'browser':","        // run tests","        local.nop(local.modeTest &&","            document.querySelector('#testRunButton1') &&","            document.querySelector('#testRunButton1').click());","        break;","","","","    // run node js-env code - post-init","    /* istanbul ignore next */","    case 'node':","        local.testCase_buildApidoc_default = local.testCase_buildApidoc_default || function (","            options,","            onError","        ) {","        /*","         * this function will test buildApidoc's default handling-behavior-behavior","         */","            options = { modulePathList: module.paths };","            local.buildApidoc(options, onError);","        };","","        local.testCase_buildApp_default = local.testCase_buildApp_default || function (","            options,","            onError","        ) {","        /*","         * this function will test buildApp's default handling-behavior-behavior","         */","            local.testCase_buildReadme_default(options, local.onErrorThrow);","            local.testCase_buildLib_default(options, local.onErrorThrow);","            local.testCase_buildTest_default(options, local.onErrorThrow);","            local.testCase_buildCustomOrg_default(options, local.onErrorThrow);","            options = [];","            local.buildApp(options, onError);","        };","","        local.testCase_buildCustomOrg_default = local.testCase_buildCustomOrg_default ||","            function (options, onError) {","            /*","             * this function will test buildCustomOrg's default handling-behavior","             */","                options = {};","                local.buildCustomOrg(options, onError);","            };","","        local.testCase_buildLib_default = local.testCase_buildLib_default || function (","            options,","            onError","        ) {","        /*","         * this function will test buildLib's default handling-behavior","         */","            options = {};","            local.buildLib(options, onError);","        };","","        local.testCase_buildReadme_default = local.testCase_buildReadme_default || function (","            options,","            onError","        ) {","        /*","         * this function will test buildReadme's default handling-behavior-behavior","         */","            options = {};","            local.buildReadme(options, onError);","        };","","        local.testCase_buildTest_default = local.testCase_buildTest_default || function (","            options,","            onError","        ) {","        /*","         * this function will test buildTest's default handling-behavior","         */","            options = {};","            local.buildTest(options, onError);","        };","","        local.testCase_webpage_default = local.testCase_webpage_default || function (","            options,","            onError","        ) {","        /*","         * this function will test webpage's default handling-behavior","         */","            options = { modeCoverageMerge: true, url: local.serverLocalHost + '?modeTest=1' };","            local.browserTest(options, onError);","        };","","        // run test-server","        local.testRunServer(local);","        break;","    }","}());",""],"l":{"12":2,"14":2,"19":2,"21":2,"23":2,"24":2,"25":2,"30":1,"37":2,"40":2,"43":1,"47":1,"50":1,"52":1,"55":2,"61":2,"62":2,"64":2,"70":1,"76":1,"82":2,"83":2,"85":2,"92":1,"95":1,"102":1,"109":1,"110":1,"113":1,"120":1,"121":1,"122":1,"123":1,"124":1,"125":1,"128":1,"133":2,"134":2,"137":1,"144":2,"145":2,"148":1,"155":2,"156":2,"159":1,"166":2,"167":2,"170":1,"177":1,"178":1,"182":1,"183":1}},"/home/travis/build/npmtest/node-npmtest-randomcolor/lib.npmtest_randomcolor.js":{"path":"/home/travis/build/npmtest/node-npmtest-randomcolor/lib.npmtest_randomcolor.js","s":{"1":2,"2":2,"3":2,"4":2,"5":2,"6":2,"7":2,"8":1,"9":2,"10":2,"11":2,"12":2,"13":1,"14":1,"15":1,"16":1},"b":{"1":[2,1,1,1],"2":[1,1,1,1],"3":[1,1],"4":[2,2],"5":[1,1]},"f":{"1":2,"2":2,"3":2},"fnMap":{"1":{"name":"(anonymous_1)","line":12,"loc":{"start":{"line":12,"column":1},"end":{"line":12,"column":13}}},"2":{"name":"(anonymous_2)","line":19,"loc":{"start":{"line":19,"column":5},"end":{"line":19,"column":17}}},"3":{"name":"(anonymous_3)","line":23,"loc":{"start":{"line":23,"column":24},"end":{"line":23,"column":36}}}},"statementMap":{"1":{"start":{"line":12,"column":0},"end":{"line":53,"column":5}},"2":{"start":{"line":14,"column":4},"end":{"line":14,"column":14}},"3":{"start":{"line":19,"column":4},"end":{"line":52,"column":9}},"4":{"start":{"line":21,"column":8},"end":{"line":21,"column":19}},"5":{"start":{"line":23,"column":8},"end":{"line":35,"column":13}},"6":{"start":{"line":24,"column":12},"end":{"line":34,"column":13}},"7":{"start":{"line":25,"column":16},"end":{"line":28,"column":30}},"8":{"start":{"line":30,"column":16},"end":{"line":33,"column":27}},"9":{"start":{"line":37,"column":8},"end":{"line":39,"column":21}},"10":{"start":{"line":41,"column":8},"end":{"line":41,"column":54}},"11":{"start":{"line":43,"column":8},"end":{"line":43,"column":56}},"12":{"start":{"line":45,"column":8},"end":{"line":51,"column":9}},"13":{"start":{"line":46,"column":12},"end":{"line":46,"column":62}},"14":{"start":{"line":48,"column":12},"end":{"line":48,"column":35}},"15":{"start":{"line":49,"column":12},"end":{"line":49,"column":49}},"16":{"start":{"line":50,"column":12},"end":{"line":50,"column":43}}},"branchMap":{"1":{"line":25,"type":"binary-expr","locations":[{"start":{"line":25,"column":23},"end":{"line":25,"column":62}},{"start":{"line":26,"column":20},"end":{"line":26,"column":70}},{"start":{"line":27,"column":20},"end":{"line":27,"column":71}},{"start":{"line":28,"column":20},"end":{"line":28,"column":29}}]},"2":{"line":30,"type":"binary-expr","locations":[{"start":{"line":30,"column":23},"end":{"line":30,"column":37}},{"start":{"line":31,"column":20},"end":{"line":31,"column":61}},{"start":{"line":32,"column":20},"end":{"line":32,"column":70}},{"start":{"line":33,"column":20},"end":{"line":33,"column":26}}]},"3":{"line":37,"type":"cond-expr","locations":[{"start":{"line":38,"column":14},"end":{"line":38,"column":20}},{"start":{"line":39,"column":14},"end":{"line":39,"column":20}}]},"4":{"line":41,"type":"binary-expr","locations":[{"start":{"line":41,"column":16},"end":{"line":41,"column":44}},{"start":{"line":41,"column":48},"end":{"line":41,"column":53}}]},"5":{"line":45,"type":"if","locations":[{"start":{"line":45,"column":8},"end":{"line":45,"column":8}},{"start":{"line":45,"column":8},"end":{"line":45,"column":8}}]}},"code":["/* istanbul instrument in package npmtest_randomcolor */","/*jslint","    bitwise: true,","    browser: true,","    maxerr: 8,","    maxlen: 96,","    node: true,","    nomen: true,","    regexp: true,","    stupid: true","*/","(function () {","    'use strict';","    var local;","","","","    // run shared js-env code - pre-init","    (function () {","        // init local","        local = {};","        // init modeJs","        local.modeJs = (function () {","            try {","                return typeof navigator.userAgent === 'string' &&","                    typeof document.querySelector('body') === 'object' &&","                    typeof XMLHttpRequest.prototype.open === 'function' &&","                    'browser';","            } catch (errorCaughtBrowser) {","                return module.exports &&","                    typeof process.versions.node === 'string' &&","                    typeof require('http').createServer === 'function' &&","                    'node';","            }","        }());","        // init global","        local.global = local.modeJs === 'browser'","            ? window","            : global;","        // init utility2_rollup","        local = local.global.utility2_rollup || local;","        // init lib","        local.local = local.npmtest_randomcolor = local;","        // init exports","        if (local.modeJs === 'browser') {","            local.global.utility2_npmtest_randomcolor = local;","        } else {","            module.exports = local;","            module.exports.__dirname = __dirname;","            module.exports.module = module;","        }","    }());","}());",""],"l":{"12":2,"14":2,"19":2,"21":2,"23":2,"24":2,"25":2,"30":1,"37":2,"41":2,"43":2,"45":2,"46":1,"48":1,"49":1,"50":1}},"/home/travis/build/npmtest/node-npmtest-randomcolor/example.js":{"path":"/home/travis/build/npmtest/node-npmtest-randomcolor/example.js","s":{"1":2,"2":2,"3":2,"4":2,"5":2,"6":2,"7":2,"8":1,"9":2,"10":2,"11":2,"12":2,"13":1,"14":2,"15":2,"16":2,"17":2,"18":2,"19":0,"20":2,"21":1,"22":1,"23":1,"24":1,"25":1,"26":0,"27":0,"28":1,"29":1,"30":2,"31":0,"32":0,"33":0,"34":1,"35":2,"36":2,"37":2,"38":2,"39":2,"40":2,"41":0,"42":2,"43":2,"44":2,"45":1,"46":3,"47":1,"48":1,"49":1,"50":1,"51":1,"52":1,"53":1,"54":1,"55":1,"56":1,"57":0,"58":1,"59":6,"60":6,"61":1,"62":2,"63":0,"64":2,"65":1,"66":1,"67":0,"68":0,"69":0,"70":0,"71":0,"72":0,"73":0,"74":0,"75":0,"76":0,"77":0,"78":0,"79":0,"80":0,"81":0,"82":0,"83":0},"b":{"1":[2,1,1,1],"2":[1,1,1,1],"3":[1,1],"4":[2,2],"5":[1,1],"6":[1,1],"7":[2,0],"8":[2,1,1,1,1,1],"9":[0,2,0],"10":[1,1],"11":[2,1,1],"12":[1,0],"13":[0,2],"14":[2,0,0,0,0,0,0],"15":[0,2],"16":[2,0],"17":[1,1],"18":[0,1],"19":[1,2,0,2],"20":[1,0],"21":[1,1],"22":[0,0],"23":[0,0],"24":[0,0],"25":[0,0],"26":[0,0],"27":[0,0],"28":[0,0]},"f":{"1":2,"2":2,"3":2,"4":2,"5":2,"6":2,"7":2,"8":2,"9":3,"10":1,"11":6,"12":0},"fnMap":{"1":{"name":"(anonymous_1)","line":26,"loc":{"start":{"line":26,"column":1},"end":{"line":26,"column":13}}},"2":{"name":"(anonymous_2)","line":33,"loc":{"start":{"line":33,"column":5},"end":{"line":33,"column":17}}},"3":{"name":"(anonymous_3)","line":37,"loc":{"start":{"line":37,"column":24},"end":{"line":37,"column":36}}},"4":{"name":"(anonymous_4)","line":69,"loc":{"start":{"line":69,"column":31},"end":{"line":69,"column":48}},"skip":true},"5":{"name":"(anonymous_5)","line":78,"loc":{"start":{"line":78,"column":26},"end":{"line":78,"column":45}},"skip":true},"6":{"name":"(anonymous_6)","line":123,"loc":{"start":{"line":123,"column":33},"end":{"line":123,"column":48}},"skip":true},"7":{"name":"(anonymous_7)","line":125,"loc":{"start":{"line":125,"column":27},"end":{"line":125,"column":39}},"skip":true},"8":{"name":"(anonymous_8)","line":133,"loc":{"start":{"line":133,"column":59},"end":{"line":133,"column":74}},"skip":true},"9":{"name":"(anonymous_9)","line":143,"loc":{"start":{"line":143,"column":45},"end":{"line":143,"column":62}},"skip":true},"10":{"name":"(anonymous_10)","line":144,"loc":{"start":{"line":144,"column":73},"end":{"line":144,"column":92}},"skip":true},"11":{"name":"(anonymous_11)","line":272,"loc":{"start":{"line":272,"column":51},"end":{"line":272,"column":77}},"skip":true},"12":{"name":"(anonymous_12)","line":314,"loc":{"start":{"line":314,"column":32},"end":{"line":314,"column":61}},"skip":true}},"statementMap":{"1":{"start":{"line":26,"column":0},"end":{"line":325,"column":5}},"2":{"start":{"line":28,"column":4},"end":{"line":28,"column":14}},"3":{"start":{"line":33,"column":4},"end":{"line":60,"column":9}},"4":{"start":{"line":35,"column":8},"end":{"line":35,"column":19}},"5":{"start":{"line":37,"column":8},"end":{"line":49,"column":13}},"6":{"start":{"line":38,"column":12},"end":{"line":48,"column":13}},"7":{"start":{"line":39,"column":16},"end":{"line":42,"column":30}},"8":{"start":{"line":44,"column":16},"end":{"line":47,"column":27}},"9":{"start":{"line":51,"column":8},"end":{"line":53,"column":21}},"10":{"start":{"line":55,"column":8},"end":{"line":57,"column":45}},"11":{"start":{"line":59,"column":8},"end":{"line":59,"column":35}},"12":{"start":{"line":61,"column":4},"end":{"line":324,"column":5}},"13":{"start":{"line":69,"column":8},"end":{"line":121,"column":10},"skip":true},"14":{"start":{"line":70,"column":12},"end":{"line":88,"column":13},"skip":true},"15":{"start":{"line":76,"column":16},"end":{"line":87,"column":19},"skip":true},"16":{"start":{"line":79,"column":20},"end":{"line":86,"column":21},"skip":true},"17":{"start":{"line":82,"column":24},"end":{"line":82,"column":43},"skip":true},"18":{"start":{"line":83,"column":24},"end":{"line":83,"column":30},"skip":true},"19":{"start":{"line":85,"column":24},"end":{"line":85,"column":49},"skip":true},"20":{"start":{"line":89,"column":12},"end":{"line":107,"column":13},"skip":true},"21":{"start":{"line":92,"column":16},"end":{"line":102,"column":17},"skip":true},"22":{"start":{"line":93,"column":20},"end":{"line":93,"column":86},"skip":true},"23":{"start":{"line":94,"column":20},"end":{"line":95,"column":45},"skip":true},"24":{"start":{"line":96,"column":20},"end":{"line":96,"column":42},"skip":true},"25":{"start":{"line":97,"column":20},"end":{"line":97,"column":48},"skip":true},"26":{"start":{"line":100,"column":20},"end":{"line":100,"column":85},"skip":true},"27":{"start":{"line":101,"column":20},"end":{"line":101,"column":96},"skip":true},"28":{"start":{"line":103,"column":16},"end":{"line":103,"column":22},"skip":true},"29":{"start":{"line":106,"column":16},"end":{"line":106,"column":22},"skip":true},"30":{"start":{"line":108,"column":12},"end":{"line":120,"column":13},"skip":true},"31":{"start":{"line":114,"column":16},"end":{"line":119,"column":17},"skip":true},"32":{"start":{"line":116,"column":20},"end":{"line":116,"column":78},"skip":true},"33":{"start":{"line":118,"column":20},"end":{"line":118,"column":47},"skip":true},"34":{"start":{"line":123,"column":8},"end":{"line":141,"column":11},"skip":true},"35":{"start":{"line":124,"column":12},"end":{"line":124,"column":54},"skip":true},"36":{"start":{"line":125,"column":12},"end":{"line":140,"column":14},"skip":true},"37":{"start":{"line":126,"column":16},"end":{"line":126,"column":28},"skip":true},"38":{"start":{"line":127,"column":16},"end":{"line":127,"column":69},"skip":true},"39":{"start":{"line":128,"column":16},"end":{"line":128,"column":75},"skip":true},"40":{"start":{"line":129,"column":16},"end":{"line":131,"column":17},"skip":true},"41":{"start":{"line":130,"column":20},"end":{"line":130,"column":27},"skip":true},"42":{"start":{"line":133,"column":16},"end":{"line":137,"column":36},"skip":true},"43":{"start":{"line":134,"column":20},"end":{"line":136,"column":55},"skip":true},"44":{"start":{"line":139,"column":16},"end":{"line":139,"column":57},"skip":true},"45":{"start":{"line":143,"column":8},"end":{"line":147,"column":11},"skip":true},"46":{"start":{"line":144,"column":12},"end":{"line":146,"column":15},"skip":true},"47":{"start":{"line":145,"column":16},"end":{"line":145,"column":70},"skip":true},"48":{"start":{"line":149,"column":8},"end":{"line":149,"column":31},"skip":true},"49":{"start":{"line":150,"column":8},"end":{"line":150,"column":14},"skip":true},"50":{"start":{"line":158,"column":8},"end":{"line":158,"column":31},"skip":true},"51":{"start":{"line":160,"column":8},"end":{"line":160,"column":33},"skip":true},"52":{"start":{"line":161,"column":8},"end":{"line":161,"column":37},"skip":true},"53":{"start":{"line":162,"column":8},"end":{"line":162,"column":35},"skip":true},"54":{"start":{"line":164,"column":8},"end":{"line":164,"column":50},"skip":true},"55":{"start":{"line":166,"column":8},"end":{"line":256,"column":2},"skip":true},"56":{"start":{"line":258,"column":8},"end":{"line":286,"column":9},"skip":true},"57":{"start":{"line":259,"column":12},"end":{"line":269,"column":14},"skip":true},"58":{"start":{"line":271,"column":12},"end":{"line":285,"column":19},"skip":true},"59":{"start":{"line":274,"column":20},"end":{"line":274,"column":35},"skip":true},"60":{"start":{"line":275,"column":20},"end":{"line":284,"column":21},"skip":true},"61":{"start":{"line":277,"column":24},"end":{"line":277,"column":64},"skip":true},"62":{"start":{"line":279,"column":24},"end":{"line":279,"column":40},"skip":true},"63":{"start":{"line":281,"column":24},"end":{"line":281,"column":40},"skip":true},"64":{"start":{"line":283,"column":24},"end":{"line":283,"column":39},"skip":true},"65":{"start":{"line":288,"column":8},"end":{"line":290,"column":9},"skip":true},"66":{"start":{"line":289,"column":12},"end":{"line":289,"column":18},"skip":true},"67":{"start":{"line":291,"column":8},"end":{"line":293,"column":54},"skip":true},"68":{"start":{"line":294,"column":8},"end":{"line":301,"column":37},"skip":true},"69":{"start":{"line":302,"column":8},"end":{"line":302,"column":82},"skip":true},"70":{"start":{"line":305,"column":8},"end":{"line":307,"column":9},"skip":true},"71":{"start":{"line":306,"column":12},"end":{"line":306,"column":82},"skip":true},"72":{"start":{"line":309,"column":8},"end":{"line":311,"column":9},"skip":true},"73":{"start":{"line":310,"column":12},"end":{"line":310,"column":18},"skip":true},"74":{"start":{"line":312,"column":8},"end":{"line":312,"column":54},"skip":true},"75":{"start":{"line":313,"column":8},"end":{"line":313,"column":69},"skip":true},"76":{"start":{"line":314,"column":8},"end":{"line":322,"column":36},"skip":true},"77":{"start":{"line":315,"column":12},"end":{"line":315,"column":61},"skip":true},"78":{"start":{"line":316,"column":12},"end":{"line":319,"column":13},"skip":true},"79":{"start":{"line":317,"column":16},"end":{"line":317,"column":75},"skip":true},"80":{"start":{"line":318,"column":16},"end":{"line":318,"column":23},"skip":true},"81":{"start":{"line":320,"column":12},"end":{"line":320,"column":38},"skip":true},"82":{"start":{"line":321,"column":12},"end":{"line":321,"column":27},"skip":true},"83":{"start":{"line":323,"column":8},"end":{"line":323,"column":14},"skip":true}},"branchMap":{"1":{"line":39,"type":"binary-expr","locations":[{"start":{"line":39,"column":23},"end":{"line":39,"column":62}},{"start":{"line":40,"column":20},"end":{"line":40,"column":70}},{"start":{"line":41,"column":20},"end":{"line":41,"column":71}},{"start":{"line":42,"column":20},"end":{"line":42,"column":29}}]},"2":{"line":44,"type":"binary-expr","locations":[{"start":{"line":44,"column":23},"end":{"line":44,"column":37}},{"start":{"line":45,"column":20},"end":{"line":45,"column":61}},{"start":{"line":46,"column":20},"end":{"line":46,"column":70}},{"start":{"line":47,"column":20},"end":{"line":47,"column":26}}]},"3":{"line":51,"type":"cond-expr","locations":[{"start":{"line":52,"column":14},"end":{"line":52,"column":20}},{"start":{"line":53,"column":14},"end":{"line":53,"column":20}}]},"4":{"line":55,"type":"binary-expr","locations":[{"start":{"line":55,"column":16},"end":{"line":55,"column":44}},{"start":{"line":55,"column":49},"end":{"line":57,"column":43}}]},"5":{"line":55,"type":"cond-expr","locations":[{"start":{"line":56,"column":14},"end":{"line":56,"column":55}},{"start":{"line":57,"column":14},"end":{"line":57,"column":43}}]},"6":{"line":61,"type":"switch","locations":[{"start":{"line":68,"column":4},"end":{"line":150,"column":14},"skip":true},{"start":{"line":156,"column":4},"end":{"line":323,"column":14},"skip":true}]},"7":{"line":70,"type":"if","locations":[{"start":{"line":70,"column":12},"end":{"line":70,"column":12},"skip":true},{"start":{"line":70,"column":12},"end":{"line":70,"column":12},"skip":true}]},"8":{"line":70,"type":"binary-expr","locations":[{"start":{"line":70,"column":16},"end":{"line":70,"column":22},"skip":true},{"start":{"line":70,"column":27},"end":{"line":70,"column":32},"skip":true},{"start":{"line":71,"column":20},"end":{"line":71,"column":39},"skip":true},{"start":{"line":72,"column":20},"end":{"line":72,"column":49},"skip":true},{"start":{"line":73,"column":20},"end":{"line":73,"column":58},"skip":true},{"start":{"line":74,"column":20},"end":{"line":74,"column":69},"skip":true}]},"9":{"line":79,"type":"switch","locations":[{"start":{"line":80,"column":20},"end":{"line":80,"column":33},"skip":true},{"start":{"line":81,"column":20},"end":{"line":83,"column":30},"skip":true},{"start":{"line":84,"column":20},"end":{"line":85,"column":49},"skip":true}]},"10":{"line":89,"type":"switch","locations":[{"start":{"line":90,"column":12},"end":{"line":103,"column":22},"skip":true},{"start":{"line":105,"column":12},"end":{"line":106,"column":22},"skip":true}]},"11":{"line":89,"type":"binary-expr","locations":[{"start":{"line":89,"column":20},"end":{"line":89,"column":25},"skip":true},{"start":{"line":89,"column":29},"end":{"line":89,"column":48},"skip":true},{"start":{"line":89,"column":52},"end":{"line":89,"column":74},"skip":true}]},"12":{"line":92,"type":"if","locations":[{"start":{"line":92,"column":16},"end":{"line":92,"column":16},"skip":true},{"start":{"line":92,"column":16},"end":{"line":92,"column":16},"skip":true}]},"13":{"line":108,"type":"if","locations":[{"start":{"line":108,"column":12},"end":{"line":108,"column":12},"skip":true},{"start":{"line":108,"column":12},"end":{"line":108,"column":12},"skip":true}]},"14":{"line":108,"type":"binary-expr","locations":[{"start":{"line":108,"column":16},"end":{"line":108,"column":61},"skip":true},{"start":{"line":108,"column":66},"end":{"line":108,"column":72},"skip":true},{"start":{"line":108,"column":77},"end":{"line":108,"column":82},"skip":true},{"start":{"line":109,"column":20},"end":{"line":109,"column":39},"skip":true},{"start":{"line":110,"column":20},"end":{"line":110,"column":49},"skip":true},{"start":{"line":111,"column":20},"end":{"line":111,"column":58},"skip":true},{"start":{"line":112,"column":20},"end":{"line":112,"column":68},"skip":true}]},"15":{"line":129,"type":"if","locations":[{"start":{"line":129,"column":16},"end":{"line":129,"column":16},"skip":true},{"start":{"line":129,"column":16},"end":{"line":129,"column":16},"skip":true}]},"16":{"line":134,"type":"cond-expr","locations":[{"start":{"line":135,"column":26},"end":{"line":135,"column":29},"skip":true},{"start":{"line":136,"column":26},"end":{"line":136,"column":54},"skip":true}]},"17":{"line":164,"type":"binary-expr","locations":[{"start":{"line":164,"column":27},"end":{"line":164,"column":43},"skip":true},{"start":{"line":164,"column":47},"end":{"line":164,"column":49},"skip":true}]},"18":{"line":258,"type":"if","locations":[{"start":{"line":258,"column":8},"end":{"line":258,"column":8},"skip":true},{"start":{"line":258,"column":8},"end":{"line":258,"column":8},"skip":true}]},"19":{"line":275,"type":"switch","locations":[{"start":{"line":276,"column":20},"end":{"line":277,"column":64},"skip":true},{"start":{"line":278,"column":20},"end":{"line":279,"column":40},"skip":true},{"start":{"line":280,"column":20},"end":{"line":281,"column":40},"skip":true},{"start":{"line":282,"column":20},"end":{"line":283,"column":39},"skip":true}]},"20":{"line":288,"type":"if","locations":[{"start":{"line":288,"column":8},"end":{"line":288,"column":8},"skip":true},{"start":{"line":288,"column":8},"end":{"line":288,"column":8},"skip":true}]},"21":{"line":288,"type":"binary-expr","locations":[{"start":{"line":288,"column":12},"end":{"line":288,"column":40},"skip":true},{"start":{"line":288,"column":44},"end":{"line":288,"column":67},"skip":true}]},"22":{"line":292,"type":"binary-expr","locations":[{"start":{"line":292,"column":12},"end":{"line":292,"column":50},"skip":true},{"start":{"line":293,"column":12},"end":{"line":293,"column":53},"skip":true}]},"23":{"line":295,"type":"binary-expr","locations":[{"start":{"line":295,"column":12},"end":{"line":295,"column":69},"skip":true},{"start":{"line":296,"column":12},"end":{"line":301,"column":36},"skip":true}]},"24":{"line":302,"type":"binary-expr","locations":[{"start":{"line":302,"column":43},"end":{"line":302,"column":75},"skip":true},{"start":{"line":302,"column":79},"end":{"line":302,"column":81},"skip":true}]},"25":{"line":305,"type":"if","locations":[{"start":{"line":305,"column":8},"end":{"line":305,"column":8},"skip":true},{"start":{"line":305,"column":8},"end":{"line":305,"column":8},"skip":true}]},"26":{"line":309,"type":"if","locations":[{"start":{"line":309,"column":8},"end":{"line":309,"column":8},"skip":true},{"start":{"line":309,"column":8},"end":{"line":309,"column":8},"skip":true}]},"27":{"line":312,"type":"binary-expr","locations":[{"start":{"line":312,"column":27},"end":{"line":312,"column":43},"skip":true},{"start":{"line":312,"column":47},"end":{"line":312,"column":53},"skip":true}]},"28":{"line":316,"type":"if","locations":[{"start":{"line":316,"column":12},"end":{"line":316,"column":12},"skip":true},{"start":{"line":316,"column":12},"end":{"line":316,"column":12},"skip":true}]}},"code":["/*","example.js","","quickstart example","","instruction","    1. save this script as example.js","    2. run the shell command:","        $ npm install npmtest-randomcolor && PORT=8081 node example.js","    3. play with the browser-demo on http://127.0.0.1:8081","*/","","","","/* istanbul instrument in package npmtest_randomcolor */","/*jslint","    bitwise: true,","    browser: true,","    maxerr: 8,","    maxlen: 96,","    node: true,","    nomen: true,","    regexp: true,","    stupid: true","*/","(function () {","    'use strict';","    var local;","","","","    // run shared js-env code - pre-init","    (function () {","        // init local","        local = {};","        // init modeJs","        local.modeJs = (function () {","            try {","                return typeof navigator.userAgent === 'string' &&","                    typeof document.querySelector('body') === 'object' &&","                    typeof XMLHttpRequest.prototype.open === 'function' &&","                    'browser';","            } catch (errorCaughtBrowser) {","                return module.exports &&","                    typeof process.versions.node === 'string' &&","                    typeof require('http').createServer === 'function' &&","                    'node';","            }","        }());","        // init global","        local.global = local.modeJs === 'browser'","            ? window","            : global;","        // init utility2_rollup","        local = local.global.utility2_rollup || (local.modeJs === 'browser'","            ? local.global.utility2_npmtest_randomcolor","            : global.utility2_moduleExports);","        // export local","        local.global.local = local;","    }());","    switch (local.modeJs) {","","","","    // post-init","    // run browser js-env code - post-init","    /* istanbul ignore next */","    case 'browser':","        local.testRunBrowser = function (event) {","            if (!event || (event &&","                    event.currentTarget &&","                    event.currentTarget.className &&","                    event.currentTarget.className.includes &&","                    event.currentTarget.className.includes('onreset'))) {","                // reset output","                Array.from(","                    document.querySelectorAll('body > .resettable')","                ).forEach(function (element) {","                    switch (element.tagName) {","                    case 'INPUT':","                    case 'TEXTAREA':","                        element.value = '';","                        break;","                    default:","                        element.textContent = '';","                    }","                });","            }","            switch (event && event.currentTarget && event.currentTarget.id) {","            case 'testRunButton1':","                // show tests","                if (document.querySelector('#testReportDiv1').style.display === 'none') {","                    document.querySelector('#testReportDiv1').style.display = 'block';","                    document.querySelector('#testRunButton1').textContent =","                        'hide internal test';","                    local.modeTest = true;","                    local.testRunDefault(local);","                // hide tests","                } else {","                    document.querySelector('#testReportDiv1').style.display = 'none';","                    document.querySelector('#testRunButton1').textContent = 'run internal test';","                }","                break;","            // custom-case","            default:","                break;","            }","            if (document.querySelector('#inputTextareaEval1') && (!event || (event &&","                    event.currentTarget &&","                    event.currentTarget.className &&","                    event.currentTarget.className.includes &&","                    event.currentTarget.className.includes('oneval')))) {","                // try to eval input-code","                try {","                    /*jslint evil: true*/","                    eval(document.querySelector('#inputTextareaEval1').value);","                } catch (errorCaught) {","                    console.error(errorCaught);","                }","            }","        };","        // log stderr and stdout to #outputTextareaStdout1","        ['error', 'log'].forEach(function (key) {","            console[key + '_original'] = console[key];","            console[key] = function () {","                var element;","                console[key + '_original'].apply(console, arguments);","                element = document.querySelector('#outputTextareaStdout1');","                if (!element) {","                    return;","                }","                // append text to #outputTextareaStdout1","                element.value += Array.from(arguments).map(function (arg) {","                    return typeof arg === 'string'","                        ? arg","                        : JSON.stringify(arg, null, 4);","                }).join(' ') + '\\n';","                // scroll textarea to bottom","                element.scrollTop = element.scrollHeight;","            };","        });","        // init event-handling","        ['change', 'click', 'keyup'].forEach(function (event) {","            Array.from(document.querySelectorAll('.on' + event)).forEach(function (element) {","                element.addEventListener(event, local.testRunBrowser);","            });","        });","        // run tests","        local.testRunBrowser();","        break;","","","","    // run node js-env code - post-init","    /* istanbul ignore next */","    case 'node':","        // export local","        module.exports = local;","        // require modules","        local.fs = require('fs');","        local.http = require('http');","        local.url = require('url');","        // init assets","        local.assetsDict = local.assetsDict || {};","        /* jslint-ignore-begin */","        local.assetsDict['/assets.index.template.html'] = '\\","<!doctype html>\\n\\","<html lang=\"en\">\\n\\","<head>\\n\\","<meta charset=\"UTF-8\">\\n\\","<meta name=\"viewport\" content=\"width=device-width, initial-scale=1\">\\n\\","<title>{{env.npm_package_name}} (v{{env.npm_package_version}})</title>\\n\\","<style>\\n\\","/*csslint\\n\\","    box-sizing: false,\\n\\","    universal-selector: false\\n\\","*/\\n\\","* {\\n\\","    box-sizing: border-box;\\n\\","}\\n\\","body {\\n\\","    background: #dde;\\n\\","    font-family: Arial, Helvetica, sans-serif;\\n\\","    margin: 2rem;\\n\\","}\\n\\","body > * {\\n\\","    margin-bottom: 1rem;\\n\\","}\\n\\",".utility2FooterDiv {\\n\\","    margin-top: 20px;\\n\\","    text-align: center;\\n\\","}\\n\\","</style>\\n\\","<style>\\n\\","/*csslint\\n\\","*/\\n\\","textarea {\\n\\","    font-family: monospace;\\n\\","    height: 10rem;\\n\\","    width: 100%;\\n\\","}\\n\\","textarea[readonly] {\\n\\","    background: #ddd;\\n\\","}\\n\\","</style>\\n\\","</head>\\n\\","<body>\\n\\","<!-- utility2-comment\\n\\","<div id=\"ajaxProgressDiv1\" style=\"background: #d00; height: 2px; left: 0; margin: 0; padding: 0; position: fixed; top: 0; transition: background 0.5s, width 1.5s; width: 25%;\"></div>\\n\\","utility2-comment -->\\n\\","<h1>\\n\\","<!-- utility2-comment\\n\\","    <a\\n\\","        {{#if env.npm_package_homepage}}\\n\\","        href=\"{{env.npm_package_homepage}}\"\\n\\","        {{/if env.npm_package_homepage}}\\n\\","        target=\"_blank\"\\n\\","    >\\n\\","utility2-comment -->\\n\\","        {{env.npm_package_name}} (v{{env.npm_package_version}})\\n\\","<!-- utility2-comment\\n\\","    </a>\\n\\","utility2-comment -->\\n\\","</h1>\\n\\","<h3>{{env.npm_package_description}}</h3>\\n\\","<!-- utility2-comment\\n\\","<h4><a download href=\"assets.app.js\">download standalone app</a></h4>\\n\\","<button class=\"onclick onreset\" id=\"testRunButton1\">run internal test</button><br>\\n\\","<div id=\"testReportDiv1\" style=\"display: none;\"></div>\\n\\","utility2-comment -->\\n\\","\\n\\","\\n\\","\\n\\","<label>stderr and stdout</label>\\n\\","<textarea class=\"resettable\" id=\"outputTextareaStdout1\" readonly></textarea>\\n\\","<!-- utility2-comment\\n\\","{{#if isRollup}}\\n\\","<script src=\"assets.app.js\"></script>\\n\\","{{#unless isRollup}}\\n\\","utility2-comment -->\\n\\","<script src=\"assets.utility2.rollup.js\"></script>\\n\\","<script src=\"jsonp.utility2._stateInit?callback=window.utility2._stateInit\"></script>\\n\\","<script src=\"assets.npmtest_randomcolor.rollup.js\"></script>\\n\\","<script src=\"assets.example.js\"></script>\\n\\","<script src=\"assets.test.js\"></script>\\n\\","<!-- utility2-comment\\n\\","{{/if isRollup}}\\n\\","utility2-comment -->\\n\\","<div class=\"utility2FooterDiv\">\\n\\","    [ this app was created with\\n\\","    <a href=\"https://github.com/kaizhu256/node-utility2\" target=\"_blank\">utility2</a>\\n\\","    ]\\n\\","</div>\\n\\","</body>\\n\\","</html>\\n\\","';","        /* jslint-ignore-end */","        if (local.templateRender) {","            local.assetsDict['/'] = local.templateRender(","                local.assetsDict['/assets.index.template.html'],","                {","                    env: local.objectSetDefault(local.env, {","                        npm_package_description: 'the greatest app in the world!',","                        npm_package_name: 'my-app',","                        npm_package_nameAlias: 'my_app',","                        npm_package_version: '0.0.1'","                    })","                }","            );","        } else {","            local.assetsDict['/'] = local.assetsDict['/assets.index.template.html']","                .replace((/\\{\\{env\\.(\\w+?)\\}\\}/g), function (match0, match1) {","                    // jslint-hack","                    String(match0);","                    switch (match1) {","                    case 'npm_package_description':","                        return 'the greatest app in the world!';","                    case 'npm_package_name':","                        return 'my-app';","                    case 'npm_package_nameAlias':","                        return 'my_app';","                    case 'npm_package_version':","                        return '0.0.1';","                    }","                });","        }","        // run the cli","        if (local.global.utility2_rollup || module !== require.main) {","            break;","        }","        local.assetsDict['/assets.example.js'] =","            local.assetsDict['/assets.example.js'] ||","            local.fs.readFileSync(__filename, 'utf8');","        local.assetsDict['/assets.npmtest_randomcolor.rollup.js'] =","            local.assetsDict['/assets.npmtest_randomcolor.rollup.js'] ||","            local.fs.readFileSync(","                // buildCustomOrg-hack","                local.npmtest_randomcolor.__dirname +","                    '/lib.npmtest_randomcolor.js',","                'utf8'","            ).replace((/^#!/), '//');","        local.assetsDict['/favicon.ico'] = local.assetsDict['/favicon.ico'] || '';","        // if $npm_config_timeout_exit exists,","        // then exit this process after $npm_config_timeout_exit ms","        if (Number(process.env.npm_config_timeout_exit)) {","            setTimeout(process.exit, Number(process.env.npm_config_timeout_exit));","        }","        // start server","        if (local.global.utility2_serverHttp1) {","            break;","        }","        process.env.PORT = process.env.PORT || '8081';","        console.error('server starting on port ' + process.env.PORT);","        local.http.createServer(function (request, response) {","            request.urlParsed = local.url.parse(request.url);","            if (local.assetsDict[request.urlParsed.pathname] !== undefined) {","                response.end(local.assetsDict[request.urlParsed.pathname]);","                return;","            }","            response.statusCode = 404;","            response.end();","        }).listen(process.env.PORT);","        break;","    }","}());",""],"l":{"26":2,"28":2,"33":2,"35":2,"37":2,"38":2,"39":2,"44":1,"51":2,"55":2,"59":2,"61":2,"69":1,"70":2,"76":2,"79":2,"82":2,"83":2,"85":1,"89":2,"92":1,"93":1,"94":1,"96":1,"97":1,"100":1,"101":1,"103":1,"106":1,"108":2,"114":1,"116":1,"118":1,"123":1,"124":2,"125":2,"126":2,"127":2,"128":2,"129":2,"130":1,"133":2,"134":2,"139":2,"143":1,"144":3,"145":1,"149":1,"150":1,"158":1,"160":1,"161":1,"162":1,"164":1,"166":1,"258":1,"259":1,"271":1,"274":6,"275":6,"277":1,"279":2,"281":1,"283":2,"288":1,"289":1,"291":1,"294":1,"302":1,"305":1,"306":1,"309":1,"310":1,"312":1,"313":1,"314":1,"315":1,"316":1,"317":1,"318":1,"320":1,"321":1,"323":1}},"/home/travis/build/npmtest/node-npmtest-randomcolor/node_modules/randomcolor/randomColor.js":{"path":"/home/travis/build/npmtest/node-npmtest-randomcolor/node_modules/randomcolor/randomColor.js","s":{"1":1,"2":1,"3":0,"4":1,"5":1,"6":1,"7":1,"8":1,"9":0,"10":1,"11":1,"12":1,"13":1,"14":0,"15":0,"16":0,"17":0,"18":0,"19":0,"20":0,"21":0,"22":0,"23":0,"24":0,"25":0,"26":0,"27":0,"28":0,"29":0,"30":0,"31":0,"32":0,"33":0,"34":0,"35":0,"36":1,"37":0,"38":0,"39":0,"40":0,"41":1,"42":0,"43":0,"44":0,"45":0,"46":0,"47":0,"48":0,"49":0,"50":0,"51":0,"52":0,"53":0,"54":0,"55":0,"56":1,"57":0,"58":0,"59":0,"60":0,"61":0,"62":0,"63":0,"64":0,"65":0,"66":0,"67":1,"68":0,"69":0,"70":0,"71":0,"72":0,"73":0,"74":0,"75":0,"76":0,"77":0,"78":0,"79":0,"80":0,"81":1,"82":0,"83":0,"84":0,"85":0,"86":0,"87":0,"88":0,"89":0,"90":1,"91":0,"92":0,"93":0,"94":0,"95":0,"96":0,"97":0,"98":0,"99":0,"100":0,"101":1,"102":0,"103":1,"104":0,"105":0,"106":0,"107":0,"108":0,"109":0,"110":0,"111":1,"112":0,"113":0,"114":0,"115":0,"116":0,"117":0,"118":0,"119":1,"120":0,"121":1,"122":0,"123":0,"124":0,"125":0,"126":1,"127":8,"128":8,"129":1,"130":1,"131":1,"132":1,"133":1,"134":1,"135":1,"136":1,"137":1,"138":1,"139":0,"140":0,"141":0,"142":0,"143":0,"144":0,"145":0,"146":0,"147":0,"148":0,"149":0,"150":0,"151":0,"152":0,"153":0,"154":0,"155":0,"156":0,"157":0,"158":0,"159":0,"160":0,"161":0,"162":0,"163":0,"164":0,"165":0,"166":0,"167":0,"168":0,"169":0,"170":0,"171":0,"172":0,"173":0,"174":1,"175":0,"176":0,"177":1,"178":0,"179":0,"180":0,"181":0,"182":0,"183":0,"184":1},"b":{"1":[0,1],"2":[1,0],"3":[1,0],"4":[1,0],"5":[1,1,1],"6":[0,0],"7":[0,0],"8":[0,0],"9":[0,0],"10":[0,0],"11":[0,0],"12":[0,0],"13":[0,0],"14":[0,0],"15":[0,0],"16":[0,0],"17":[0,0],"18":[0,0],"19":[0,0,0],"20":[0,0,0],"21":[0,0,0,0,0,0,0,0],"22":[0,0],"23":[0,0],"24":[0,0],"25":[0,0],"26":[0,0],"27":[0,0],"28":[0,0],"29":[0,0],"30":[0,0],"31":[0,0],"32":[0,0],"33":[0,0,0],"34":[0,0],"35":[0,0],"36":[0,0],"37":[0,0],"38":[0,0],"39":[0,0],"40":[0,0,0,0,0,0],"41":[0,0],"42":[0,0]},"f":{"1":1,"2":1,"3":0,"4":0,"5":0,"6":0,"7":0,"8":0,"9":0,"10":0,"11":0,"12":0,"13":0,"14":0,"15":8,"16":1,"17":0,"18":0,"19":0},"fnMap":{"1":{"name":"(anonymous_1)","line":4,"loc":{"start":{"line":4,"column":2},"end":{"line":4,"column":26}}},"2":{"name":"(anonymous_2)","line":27,"loc":{"start":{"line":27,"column":8},"end":{"line":27,"column":19}}},"3":{"name":"(anonymous_3)","line":38,"loc":{"start":{"line":38,"column":20},"end":{"line":38,"column":39}}},"4":{"name":"pickHue","line":98,"loc":{"start":{"line":98,"column":2},"end":{"line":98,"column":29}}},"5":{"name":"pickSaturation","line":111,"loc":{"start":{"line":111,"column":2},"end":{"line":111,"column":41}}},"6":{"name":"pickBrightness","line":145,"loc":{"start":{"line":145,"column":2},"end":{"line":145,"column":42}}},"7":{"name":"setFormat","line":169,"loc":{"start":{"line":169,"column":2},"end":{"line":169,"column":36}}},"8":{"name":"getMinimumBrightness","line":204,"loc":{"start":{"line":204,"column":2},"end":{"line":204,"column":38}}},"9":{"name":"getHueRange","line":229,"loc":{"start":{"line":229,"column":2},"end":{"line":229,"column":36}}},"10":{"name":"getSaturationRange","line":253,"loc":{"start":{"line":253,"column":2},"end":{"line":253,"column":36}}},"11":{"name":"getColorInfo","line":257,"loc":{"start":{"line":257,"column":2},"end":{"line":257,"column":30}}},"12":{"name":"randomWithin","line":274,"loc":{"start":{"line":274,"column":2},"end":{"line":274,"column":32}}},"13":{"name":"HSVtoHex","line":287,"loc":{"start":{"line":287,"column":2},"end":{"line":287,"column":25}}},"14":{"name":"componentToHex","line":291,"loc":{"start":{"line":291,"column":4},"end":{"line":291,"column":31}}},"15":{"name":"defineColor","line":302,"loc":{"start":{"line":302,"column":2},"end":{"line":302,"column":53}}},"16":{"name":"loadColorBounds","line":319,"loc":{"start":{"line":319,"column":2},"end":{"line":319,"column":30}}},"17":{"name":"HSVtoRGB","line":371,"loc":{"start":{"line":371,"column":2},"end":{"line":371,"column":26}}},"18":{"name":"HSVtoHSL","line":406,"loc":{"start":{"line":406,"column":2},"end":{"line":406,"column":26}}},"19":{"name":"stringToInteger","line":419,"loc":{"start":{"line":419,"column":2},"end":{"line":419,"column":36}}}},"statementMap":{"1":{"start":{"line":4,"column":1},"end":{"line":429,"column":4}},"2":{"start":{"line":7,"column":2},"end":{"line":25,"column":3}},"3":{"start":{"line":8,"column":4},"end":{"line":8,"column":24}},"4":{"start":{"line":11,"column":9},"end":{"line":25,"column":3}},"5":{"start":{"line":12,"column":4},"end":{"line":12,"column":32}},"6":{"start":{"line":15,"column":4},"end":{"line":17,"column":5}},"7":{"start":{"line":16,"column":6},"end":{"line":16,"column":45}},"8":{"start":{"line":20,"column":4},"end":{"line":20,"column":38}},"9":{"start":{"line":24,"column":4},"end":{"line":24,"column":33}},"10":{"start":{"line":30,"column":2},"end":{"line":30,"column":18}},"11":{"start":{"line":33,"column":2},"end":{"line":33,"column":27}},"12":{"start":{"line":36,"column":2},"end":{"line":36,"column":20}},"13":{"start":{"line":38,"column":2},"end":{"line":96,"column":4}},"14":{"start":{"line":40,"column":4},"end":{"line":40,"column":28}},"15":{"start":{"line":44,"column":4},"end":{"line":58,"column":5}},"16":{"start":{"line":45,"column":6},"end":{"line":45,"column":26}},"17":{"start":{"line":48,"column":11},"end":{"line":58,"column":5}},"18":{"start":{"line":49,"column":6},"end":{"line":49,"column":43}},"19":{"start":{"line":52,"column":11},"end":{"line":58,"column":5}},"20":{"start":{"line":53,"column":6},"end":{"line":53,"column":73}},"21":{"start":{"line":57,"column":6},"end":{"line":57,"column":18}},"22":{"start":{"line":60,"column":4},"end":{"line":60,"column":14}},"23":{"start":{"line":63,"column":4},"end":{"line":83,"column":5}},"24":{"start":{"line":65,"column":6},"end":{"line":66,"column":22}},"25":{"start":{"line":68,"column":6},"end":{"line":68,"column":27}},"26":{"start":{"line":70,"column":6},"end":{"line":78,"column":7}},"27":{"start":{"line":75,"column":8},"end":{"line":75,"column":52}},"28":{"start":{"line":75,"column":34},"end":{"line":75,"column":52}},"29":{"start":{"line":77,"column":8},"end":{"line":77,"column":42}},"30":{"start":{"line":80,"column":6},"end":{"line":80,"column":34}},"31":{"start":{"line":82,"column":6},"end":{"line":82,"column":20}},"32":{"start":{"line":86,"column":4},"end":{"line":86,"column":25}},"33":{"start":{"line":89,"column":4},"end":{"line":89,"column":35}},"34":{"start":{"line":92,"column":4},"end":{"line":92,"column":38}},"35":{"start":{"line":95,"column":4},"end":{"line":95,"column":39}},"36":{"start":{"line":98,"column":2},"end":{"line":109,"column":3}},"37":{"start":{"line":100,"column":4},"end":{"line":101,"column":37}},"38":{"start":{"line":105,"column":4},"end":{"line":105,"column":35}},"39":{"start":{"line":105,"column":18},"end":{"line":105,"column":34}},"40":{"start":{"line":107,"column":4},"end":{"line":107,"column":15}},"41":{"start":{"line":111,"column":2},"end":{"line":143,"column":3}},"42":{"start":{"line":113,"column":4},"end":{"line":115,"column":5}},"43":{"start":{"line":114,"column":6},"end":{"line":114,"column":35}},"44":{"start":{"line":117,"column":4},"end":{"line":119,"column":5}},"45":{"start":{"line":118,"column":6},"end":{"line":118,"column":15}},"46":{"start":{"line":121,"column":4},"end":{"line":121,"column":50}},"47":{"start":{"line":123,"column":4},"end":{"line":124,"column":34}},"48":{"start":{"line":126,"column":4},"end":{"line":139,"column":4}},"49":{"start":{"line":129,"column":8},"end":{"line":129,"column":18}},"50":{"start":{"line":130,"column":8},"end":{"line":130,"column":14}},"51":{"start":{"line":133,"column":8},"end":{"line":133,"column":25}},"52":{"start":{"line":134,"column":8},"end":{"line":134,"column":14}},"53":{"start":{"line":137,"column":8},"end":{"line":137,"column":18}},"54":{"start":{"line":138,"column":8},"end":{"line":138,"column":14}},"55":{"start":{"line":141,"column":4},"end":{"line":141,"column":38}},"56":{"start":{"line":145,"column":2},"end":{"line":167,"column":3}},"57":{"start":{"line":147,"column":4},"end":{"line":148,"column":19}},"58":{"start":{"line":150,"column":4},"end":{"line":164,"column":5}},"59":{"start":{"line":153,"column":8},"end":{"line":153,"column":25}},"60":{"start":{"line":154,"column":8},"end":{"line":154,"column":14}},"61":{"start":{"line":157,"column":8},"end":{"line":157,"column":31}},"62":{"start":{"line":158,"column":8},"end":{"line":158,"column":14}},"63":{"start":{"line":161,"column":8},"end":{"line":161,"column":17}},"64":{"start":{"line":162,"column":8},"end":{"line":162,"column":19}},"65":{"start":{"line":163,"column":8},"end":{"line":163,"column":14}},"66":{"start":{"line":166,"column":4},"end":{"line":166,"column":38}},"67":{"start":{"line":169,"column":2},"end":{"line":202,"column":3}},"68":{"start":{"line":171,"column":4},"end":{"line":200,"column":5}},"69":{"start":{"line":174,"column":8},"end":{"line":174,"column":19}},"70":{"start":{"line":177,"column":8},"end":{"line":177,"column":29}},"71":{"start":{"line":180,"column":8},"end":{"line":180,"column":32}},"72":{"start":{"line":181,"column":8},"end":{"line":181,"column":59}},"73":{"start":{"line":184,"column":8},"end":{"line":184,"column":37}},"74":{"start":{"line":185,"column":8},"end":{"line":185,"column":98}},"75":{"start":{"line":188,"column":8},"end":{"line":188,"column":29}},"76":{"start":{"line":191,"column":8},"end":{"line":191,"column":32}},"77":{"start":{"line":192,"column":8},"end":{"line":192,"column":45}},"78":{"start":{"line":195,"column":8},"end":{"line":195,"column":37}},"79":{"start":{"line":196,"column":8},"end":{"line":196,"column":74}},"80":{"start":{"line":199,"column":8},"end":{"line":199,"column":29}},"81":{"start":{"line":204,"column":2},"end":{"line":227,"column":3}},"82":{"start":{"line":206,"column":4},"end":{"line":206,"column":50}},"83":{"start":{"line":208,"column":4},"end":{"line":224,"column":5}},"84":{"start":{"line":210,"column":6},"end":{"line":211,"column":33}},"85":{"start":{"line":213,"column":6},"end":{"line":214,"column":35}},"86":{"start":{"line":216,"column":6},"end":{"line":222,"column":7}},"87":{"start":{"line":218,"column":9},"end":{"line":219,"column":27}},"88":{"start":{"line":221,"column":9},"end":{"line":221,"column":24}},"89":{"start":{"line":226,"column":4},"end":{"line":226,"column":13}},"90":{"start":{"line":229,"column":2},"end":{"line":251,"column":3}},"91":{"start":{"line":231,"column":4},"end":{"line":239,"column":5}},"92":{"start":{"line":233,"column":6},"end":{"line":233,"column":40}},"93":{"start":{"line":235,"column":6},"end":{"line":237,"column":7}},"94":{"start":{"line":236,"column":8},"end":{"line":236,"column":32}},"95":{"start":{"line":241,"column":4},"end":{"line":247,"column":5}},"96":{"start":{"line":243,"column":6},"end":{"line":246,"column":7}},"97":{"start":{"line":244,"column":8},"end":{"line":244,"column":48}},"98":{"start":{"line":245,"column":8},"end":{"line":245,"column":52}},"99":{"start":{"line":245,"column":29},"end":{"line":245,"column":51}},"100":{"start":{"line":249,"column":4},"end":{"line":249,"column":19}},"101":{"start":{"line":253,"column":2},"end":{"line":255,"column":3}},"102":{"start":{"line":254,"column":4},"end":{"line":254,"column":45}},"103":{"start":{"line":257,"column":2},"end":{"line":272,"column":3}},"104":{"start":{"line":260,"column":4},"end":{"line":262,"column":5}},"105":{"start":{"line":261,"column":6},"end":{"line":261,"column":16}},"106":{"start":{"line":264,"column":4},"end":{"line":271,"column":5}},"107":{"start":{"line":265,"column":7},"end":{"line":265,"column":46}},"108":{"start":{"line":266,"column":7},"end":{"line":270,"column":8}},"109":{"start":{"line":269,"column":10},"end":{"line":269,"column":44}},"110":{"start":{"line":271,"column":6},"end":{"line":271,"column":31}},"111":{"start":{"line":274,"column":2},"end":{"line":285,"column":3}},"112":{"start":{"line":275,"column":4},"end":{"line":284,"column":5}},"113":{"start":{"line":276,"column":6},"end":{"line":276,"column":76}},"114":{"start":{"line":279,"column":6},"end":{"line":279,"column":30}},"115":{"start":{"line":280,"column":6},"end":{"line":280,"column":30}},"116":{"start":{"line":281,"column":6},"end":{"line":281,"column":44}},"117":{"start":{"line":282,"column":6},"end":{"line":282,"column":32}},"118":{"start":{"line":283,"column":6},"end":{"line":283,"column":49}},"119":{"start":{"line":287,"column":2},"end":{"line":300,"column":3}},"120":{"start":{"line":289,"column":4},"end":{"line":289,"column":28}},"121":{"start":{"line":291,"column":4},"end":{"line":294,"column":5}},"122":{"start":{"line":292,"column":8},"end":{"line":292,"column":33}},"123":{"start":{"line":293,"column":8},"end":{"line":293,"column":49}},"124":{"start":{"line":296,"column":4},"end":{"line":296,"column":93}},"125":{"start":{"line":298,"column":4},"end":{"line":298,"column":15}},"126":{"start":{"line":302,"column":2},"end":{"line":317,"column":3}},"127":{"start":{"line":304,"column":4},"end":{"line":308,"column":33}},"128":{"start":{"line":310,"column":4},"end":{"line":315,"column":6}},"129":{"start":{"line":319,"column":2},"end":{"line":369,"column":3}},"130":{"start":{"line":321,"column":4},"end":{"line":325,"column":6}},"131":{"start":{"line":327,"column":4},"end":{"line":331,"column":6}},"132":{"start":{"line":333,"column":4},"end":{"line":337,"column":6}},"133":{"start":{"line":339,"column":4},"end":{"line":343,"column":6}},"134":{"start":{"line":345,"column":4},"end":{"line":349,"column":6}},"135":{"start":{"line":351,"column":4},"end":{"line":355,"column":6}},"136":{"start":{"line":357,"column":4},"end":{"line":361,"column":6}},"137":{"start":{"line":363,"column":4},"end":{"line":367,"column":6}},"138":{"start":{"line":371,"column":2},"end":{"line":404,"column":3}},"139":{"start":{"line":375,"column":4},"end":{"line":375,"column":19}},"140":{"start":{"line":376,"column":4},"end":{"line":376,"column":25}},"141":{"start":{"line":376,"column":18},"end":{"line":376,"column":24}},"142":{"start":{"line":377,"column":4},"end":{"line":377,"column":29}},"143":{"start":{"line":377,"column":20},"end":{"line":377,"column":28}},"144":{"start":{"line":380,"column":4},"end":{"line":380,"column":14}},"145":{"start":{"line":381,"column":4},"end":{"line":382,"column":23}},"146":{"start":{"line":384,"column":4},"end":{"line":391,"column":14}},"147":{"start":{"line":393,"column":4},"end":{"line":400,"column":5}},"148":{"start":{"line":394,"column":14},"end":{"line":394,"column":20}},"149":{"start":{"line":394,"column":21},"end":{"line":394,"column":27}},"150":{"start":{"line":394,"column":28},"end":{"line":394,"column":34}},"151":{"start":{"line":394,"column":36},"end":{"line":394,"column":42}},"152":{"start":{"line":395,"column":14},"end":{"line":395,"column":20}},"153":{"start":{"line":395,"column":21},"end":{"line":395,"column":27}},"154":{"start":{"line":395,"column":28},"end":{"line":395,"column":34}},"155":{"start":{"line":395,"column":36},"end":{"line":395,"column":42}},"156":{"start":{"line":396,"column":14},"end":{"line":396,"column":20}},"157":{"start":{"line":396,"column":21},"end":{"line":396,"column":27}},"158":{"start":{"line":396,"column":28},"end":{"line":396,"column":34}},"159":{"start":{"line":396,"column":36},"end":{"line":396,"column":42}},"160":{"start":{"line":397,"column":14},"end":{"line":397,"column":20}},"161":{"start":{"line":397,"column":21},"end":{"line":397,"column":27}},"162":{"start":{"line":397,"column":28},"end":{"line":397,"column":34}},"163":{"start":{"line":397,"column":36},"end":{"line":397,"column":42}},"164":{"start":{"line":398,"column":14},"end":{"line":398,"column":20}},"165":{"start":{"line":398,"column":21},"end":{"line":398,"column":27}},"166":{"start":{"line":398,"column":28},"end":{"line":398,"column":34}},"167":{"start":{"line":398,"column":36},"end":{"line":398,"column":42}},"168":{"start":{"line":399,"column":14},"end":{"line":399,"column":20}},"169":{"start":{"line":399,"column":21},"end":{"line":399,"column":27}},"170":{"start":{"line":399,"column":28},"end":{"line":399,"column":34}},"171":{"start":{"line":399,"column":36},"end":{"line":399,"column":42}},"172":{"start":{"line":402,"column":4},"end":{"line":402,"column":75}},"173":{"start":{"line":403,"column":4},"end":{"line":403,"column":18}},"174":{"start":{"line":406,"column":2},"end":{"line":417,"column":3}},"175":{"start":{"line":407,"column":4},"end":{"line":410,"column":18}},"176":{"start":{"line":412,"column":4},"end":{"line":416,"column":6}},"177":{"start":{"line":419,"column":2},"end":{"line":426,"column":3}},"178":{"start":{"line":420,"column":4},"end":{"line":420,"column":17}},"179":{"start":{"line":421,"column":4},"end":{"line":424,"column":5}},"180":{"start":{"line":422,"column":6},"end":{"line":422,"column":50}},"181":{"start":{"line":422,"column":44},"end":{"line":422,"column":50}},"182":{"start":{"line":423,"column":6},"end":{"line":423,"column":35}},"183":{"start":{"line":425,"column":4},"end":{"line":425,"column":16}},"184":{"start":{"line":428,"column":2},"end":{"line":428,"column":21}}},"branchMap":{"1":{"line":7,"type":"if","locations":[{"start":{"line":7,"column":2},"end":{"line":7,"column":2}},{"start":{"line":7,"column":2},"end":{"line":7,"column":2}}]},"2":{"line":7,"type":"binary-expr","locations":[{"start":{"line":7,"column":6},"end":{"line":7,"column":34}},{"start":{"line":7,"column":38},"end":{"line":7,"column":48}}]},"3":{"line":11,"type":"if","locations":[{"start":{"line":11,"column":9},"end":{"line":11,"column":9}},{"start":{"line":11,"column":9},"end":{"line":11,"column":9}}]},"4":{"line":15,"type":"if","locations":[{"start":{"line":15,"column":4},"end":{"line":15,"column":4}},{"start":{"line":15,"column":4},"end":{"line":15,"column":4}}]},"5":{"line":15,"type":"binary-expr","locations":[{"start":{"line":15,"column":8},"end":{"line":15,"column":34}},{"start":{"line":15,"column":38},"end":{"line":15,"column":44}},{"start":{"line":15,"column":48},"end":{"line":15,"column":62}}]},"6":{"line":40,"type":"binary-expr","locations":[{"start":{"line":40,"column":14},"end":{"line":40,"column":21}},{"start":{"line":40,"column":25},"end":{"line":40,"column":27}}]},"7":{"line":44,"type":"if","locations":[{"start":{"line":44,"column":4},"end":{"line":44,"column":4}},{"start":{"line":44,"column":4},"end":{"line":44,"column":4}}]},"8":{"line":44,"type":"binary-expr","locations":[{"start":{"line":44,"column":8},"end":{"line":44,"column":20}},{"start":{"line":44,"column":24},"end":{"line":44,"column":67}}]},"9":{"line":48,"type":"if","locations":[{"start":{"line":48,"column":11},"end":{"line":48,"column":11}},{"start":{"line":48,"column":11},"end":{"line":48,"column":11}}]},"10":{"line":52,"type":"if","locations":[{"start":{"line":52,"column":11},"end":{"line":52,"column":11}},{"start":{"line":52,"column":11},"end":{"line":52,"column":11}}]},"11":{"line":52,"type":"binary-expr","locations":[{"start":{"line":52,"column":15},"end":{"line":52,"column":41}},{"start":{"line":52,"column":45},"end":{"line":52,"column":66}}]},"12":{"line":63,"type":"if","locations":[{"start":{"line":63,"column":4},"end":{"line":63,"column":4}},{"start":{"line":63,"column":4},"end":{"line":63,"column":4}}]},"13":{"line":63,"type":"binary-expr","locations":[{"start":{"line":63,"column":8},"end":{"line":63,"column":30}},{"start":{"line":63,"column":34},"end":{"line":63,"column":61}}]},"14":{"line":75,"type":"if","locations":[{"start":{"line":75,"column":8},"end":{"line":75,"column":8}},{"start":{"line":75,"column":8},"end":{"line":75,"column":8}}]},"15":{"line":75,"type":"binary-expr","locations":[{"start":{"line":75,"column":12},"end":{"line":75,"column":16}},{"start":{"line":75,"column":20},"end":{"line":75,"column":32}}]},"16":{"line":105,"type":"if","locations":[{"start":{"line":105,"column":4},"end":{"line":105,"column":4}},{"start":{"line":105,"column":4},"end":{"line":105,"column":4}}]},"17":{"line":113,"type":"if","locations":[{"start":{"line":113,"column":4},"end":{"line":113,"column":4}},{"start":{"line":113,"column":4},"end":{"line":113,"column":4}}]},"18":{"line":117,"type":"if","locations":[{"start":{"line":117,"column":4},"end":{"line":117,"column":4}},{"start":{"line":117,"column":4},"end":{"line":117,"column":4}}]},"19":{"line":126,"type":"switch","locations":[{"start":{"line":128,"column":6},"end":{"line":130,"column":14}},{"start":{"line":132,"column":6},"end":{"line":134,"column":14}},{"start":{"line":136,"column":6},"end":{"line":138,"column":14}}]},"20":{"line":150,"type":"switch","locations":[{"start":{"line":152,"column":6},"end":{"line":154,"column":14}},{"start":{"line":156,"column":6},"end":{"line":158,"column":14}},{"start":{"line":160,"column":6},"end":{"line":163,"column":14}}]},"21":{"line":171,"type":"switch","locations":[{"start":{"line":173,"column":6},"end":{"line":174,"column":19}},{"start":{"line":176,"column":6},"end":{"line":177,"column":29}},{"start":{"line":179,"column":6},"end":{"line":181,"column":59}},{"start":{"line":183,"column":6},"end":{"line":185,"column":98}},{"start":{"line":187,"column":6},"end":{"line":188,"column":29}},{"start":{"line":190,"column":6},"end":{"line":192,"column":45}},{"start":{"line":194,"column":6},"end":{"line":196,"column":74}},{"start":{"line":198,"column":6},"end":{"line":199,"column":29}}]},"22":{"line":216,"type":"if","locations":[{"start":{"line":216,"column":6},"end":{"line":216,"column":6}},{"start":{"line":216,"column":6},"end":{"line":216,"column":6}}]},"23":{"line":216,"type":"binary-expr","locations":[{"start":{"line":216,"column":10},"end":{"line":216,"column":17}},{"start":{"line":216,"column":21},"end":{"line":216,"column":28}}]},"24":{"line":231,"type":"if","locations":[{"start":{"line":231,"column":4},"end":{"line":231,"column":4}},{"start":{"line":231,"column":4},"end":{"line":231,"column":4}}]},"25":{"line":235,"type":"if","locations":[{"start":{"line":235,"column":6},"end":{"line":235,"column":6}},{"start":{"line":235,"column":6},"end":{"line":235,"column":6}}]},"26":{"line":235,"type":"binary-expr","locations":[{"start":{"line":235,"column":10},"end":{"line":235,"column":22}},{"start":{"line":235,"column":26},"end":{"line":235,"column":36}}]},"27":{"line":241,"type":"if","locations":[{"start":{"line":241,"column":4},"end":{"line":241,"column":4}},{"start":{"line":241,"column":4},"end":{"line":241,"column":4}}]},"28":{"line":243,"type":"if","locations":[{"start":{"line":243,"column":6},"end":{"line":243,"column":6}},{"start":{"line":243,"column":6},"end":{"line":243,"column":6}}]},"29":{"line":245,"type":"if","locations":[{"start":{"line":245,"column":8},"end":{"line":245,"column":8}},{"start":{"line":245,"column":8},"end":{"line":245,"column":8}}]},"30":{"line":260,"type":"if","locations":[{"start":{"line":260,"column":4},"end":{"line":260,"column":4}},{"start":{"line":260,"column":4},"end":{"line":260,"column":4}}]},"31":{"line":260,"type":"binary-expr","locations":[{"start":{"line":260,"column":8},"end":{"line":260,"column":18}},{"start":{"line":260,"column":22},"end":{"line":260,"column":32}}]},"32":{"line":266,"type":"if","locations":[{"start":{"line":266,"column":7},"end":{"line":266,"column":7}},{"start":{"line":266,"column":7},"end":{"line":266,"column":7}}]},"33":{"line":266,"type":"binary-expr","locations":[{"start":{"line":266,"column":11},"end":{"line":266,"column":25}},{"start":{"line":267,"column":11},"end":{"line":267,"column":35}},{"start":{"line":268,"column":11},"end":{"line":268,"column":35}}]},"34":{"line":275,"type":"if","locations":[{"start":{"line":275,"column":4},"end":{"line":275,"column":4}},{"start":{"line":275,"column":4},"end":{"line":275,"column":4}}]},"35":{"line":279,"type":"binary-expr","locations":[{"start":{"line":279,"column":16},"end":{"line":279,"column":24}},{"start":{"line":279,"column":28},"end":{"line":279,"column":29}}]},"36":{"line":280,"type":"binary-expr","locations":[{"start":{"line":280,"column":16},"end":{"line":280,"column":24}},{"start":{"line":280,"column":28},"end":{"line":280,"column":29}}]},"37":{"line":293,"type":"cond-expr","locations":[{"start":{"line":293,"column":33},"end":{"line":293,"column":42}},{"start":{"line":293,"column":45},"end":{"line":293,"column":48}}]},"38":{"line":376,"type":"if","locations":[{"start":{"line":376,"column":4},"end":{"line":376,"column":4}},{"start":{"line":376,"column":4},"end":{"line":376,"column":4}}]},"39":{"line":377,"type":"if","locations":[{"start":{"line":377,"column":4},"end":{"line":377,"column":4}},{"start":{"line":377,"column":4},"end":{"line":377,"column":4}}]},"40":{"line":393,"type":"switch","locations":[{"start":{"line":394,"column":6},"end":{"line":394,"column":42}},{"start":{"line":395,"column":6},"end":{"line":395,"column":42}},{"start":{"line":396,"column":6},"end":{"line":396,"column":42}},{"start":{"line":397,"column":6},"end":{"line":397,"column":42}},{"start":{"line":398,"column":6},"end":{"line":398,"column":42}},{"start":{"line":399,"column":6},"end":{"line":399,"column":42}}]},"41":{"line":414,"type":"cond-expr","locations":[{"start":{"line":414,"column":30},"end":{"line":414,"column":31}},{"start":{"line":414,"column":34},"end":{"line":414,"column":37}}]},"42":{"line":422,"type":"if","locations":[{"start":{"line":422,"column":6},"end":{"line":422,"column":6}},{"start":{"line":422,"column":6},"end":{"line":422,"column":6}}]}},"code":["// randomColor by David Merfield under the CC0 license","// https://github.com/davidmerfield/randomColor/","",";(function(root, factory) {","","  // Support AMD","  if (typeof define === 'function' && define.amd) {","    define([], factory);","","  // Support CommonJS","  } else if (typeof exports === 'object') {","    var randomColor = factory();","","    // Support NodeJS & Component, which allow module.exports to be a function","    if (typeof module === 'object' && module && module.exports) {","      exports = module.exports = randomColor;","    }","","    // Support CommonJS 1.1.1 spec","    exports.randomColor = randomColor;","","  // Support vanilla script loading","  } else {","    root.randomColor = factory();","  }","","}(this, function() {","","  // Seed to get repeatable colors","  var seed = null;","","  // Shared color dictionary","  var colorDictionary = {};","","  // Populate the color dictionary","  loadColorBounds();","","  var randomColor = function (options) {","","    options = options || {};","","    // Check if there is a seed and ensure it's an","    // integer. Otherwise, reset the seed value.","    if (options.seed && options.seed === parseInt(options.seed, 10)) {","      seed = options.seed;","","    // A string was passed as a seed","    } else if (typeof options.seed === 'string') {","      seed = stringToInteger(options.seed);","","    // Something was passed as a seed but it wasn't an integer or string","    } else if (options.seed !== undefined && options.seed !== null) {","      throw new TypeError('The seed value must be an integer or string');","","    // No seed, reset the value outside.","    } else {","      seed = null;","    }","","    var H,S,B;","","    // Check if we need to generate multiple colors","    if (options.count !== null && options.count !== undefined) {","","      var totalColors = options.count,","          colors = [];","","      options.count = null;","","      while (totalColors > colors.length) {","","        // Since we're generating multiple colors,","        // incremement the seed. Otherwise we'd just","        // generate the same color each time...","        if (seed && options.seed) options.seed += 1;","","        colors.push(randomColor(options));","      }","","      options.count = totalColors;","","      return colors;","    }","","    // First we pick a hue (H)","    H = pickHue(options);","","    // Then use H to determine saturation (S)","    S = pickSaturation(H, options);","","    // Then use S and H to determine brightness (B).","    B = pickBrightness(H, S, options);","","    // Then we return the HSB color in the desired format","    return setFormat([H,S,B], options);","  };","","  function pickHue (options) {","","    var hueRange = getHueRange(options.hue),","        hue = randomWithin(hueRange);","","    // Instead of storing red as two seperate ranges,","    // we group them, using negative numbers","    if (hue < 0) {hue = 360 + hue;}","","    return hue;","","  }","","  function pickSaturation (hue, options) {","","    if (options.luminosity === 'random') {","      return randomWithin([0,100]);","    }","","    if (options.hue === 'monochrome') {","      return 0;","    }","","    var saturationRange = getSaturationRange(hue);","","    var sMin = saturationRange[0],","        sMax = saturationRange[1];","","    switch (options.luminosity) {","","      case 'bright':","        sMin = 55;","        break;","","      case 'dark':","        sMin = sMax - 10;","        break;","","      case 'light':","        sMax = 55;","        break;","   }","","    return randomWithin([sMin, sMax]);","","  }","","  function pickBrightness (H, S, options) {","","    var bMin = getMinimumBrightness(H, S),","        bMax = 100;","","    switch (options.luminosity) {","","      case 'dark':","        bMax = bMin + 20;","        break;","","      case 'light':","        bMin = (bMax + bMin)/2;","        break;","","      case 'random':","        bMin = 0;","        bMax = 100;","        break;","    }","","    return randomWithin([bMin, bMax]);","  }","","  function setFormat (hsv, options) {","","    switch (options.format) {","","      case 'hsvArray':","        return hsv;","","      case 'hslArray':","        return HSVtoHSL(hsv);","","      case 'hsl':","        var hsl = HSVtoHSL(hsv);","        return 'hsl('+hsl[0]+', '+hsl[1]+'%, '+hsl[2]+'%)';","","      case 'hsla':","        var hslColor = HSVtoHSL(hsv);","        return 'hsla('+hslColor[0]+', '+hslColor[1]+'%, '+hslColor[2]+'%, ' + Math.random() + ')';","","      case 'rgbArray':","        return HSVtoRGB(hsv);","","      case 'rgb':","        var rgb = HSVtoRGB(hsv);","        return 'rgb(' + rgb.join(', ') + ')';","","      case 'rgba':","        var rgbColor = HSVtoRGB(hsv);","        return 'rgba(' + rgbColor.join(', ') + ', ' + Math.random() + ')';","","      default:","        return HSVtoHex(hsv);","    }","","  }","","  function getMinimumBrightness(H, S) {","","    var lowerBounds = getColorInfo(H).lowerBounds;","","    for (var i = 0; i < lowerBounds.length - 1; i++) {","","      var s1 = lowerBounds[i][0],","          v1 = lowerBounds[i][1];","","      var s2 = lowerBounds[i+1][0],","          v2 = lowerBounds[i+1][1];","","      if (S >= s1 && S <= s2) {","","         var m = (v2 - v1)/(s2 - s1),","             b = v1 - m*s1;","","         return m*S + b;","      }","","    }","","    return 0;","  }","","  function getHueRange (colorInput) {","","    if (typeof parseInt(colorInput) === 'number') {","","      var number = parseInt(colorInput);","","      if (number < 360 && number > 0) {","        return [number, number];","      }","","    }","","    if (typeof colorInput === 'string') {","","      if (colorDictionary[colorInput]) {","        var color = colorDictionary[colorInput];","        if (color.hueRange) {return color.hueRange;}","      }","    }","","    return [0,360];","","  }","","  function getSaturationRange (hue) {","    return getColorInfo(hue).saturationRange;","  }","","  function getColorInfo (hue) {","","    // Maps red colors to make picking hue easier","    if (hue >= 334 && hue <= 360) {","      hue-= 360;","    }","","    for (var colorName in colorDictionary) {","       var color = colorDictionary[colorName];","       if (color.hueRange &&","           hue >= color.hueRange[0] &&","           hue <= color.hueRange[1]) {","          return colorDictionary[colorName];","       }","    } return 'Color not found';","  }","","  function randomWithin (range) {","    if (seed === null) {","      return Math.floor(range[0] + Math.random()*(range[1] + 1 - range[0]));","    } else {","      //Seeded random algorithm from http://indiegamr.com/generate-repeatable-random-numbers-in-js/","      var max = range[1] || 1;","      var min = range[0] || 0;","      seed = (seed * 9301 + 49297) % 233280;","      var rnd = seed / 233280.0;","      return Math.floor(min + rnd * (max - min));","    }","  }","","  function HSVtoHex (hsv){","","    var rgb = HSVtoRGB(hsv);","","    function componentToHex(c) {","        var hex = c.toString(16);","        return hex.length == 1 ? '0' + hex : hex;","    }","","    var hex = '#' + componentToHex(rgb[0]) + componentToHex(rgb[1]) + componentToHex(rgb[2]);","","    return hex;","","  }","","  function defineColor (name, hueRange, lowerBounds) {","","    var sMin = lowerBounds[0][0],","        sMax = lowerBounds[lowerBounds.length - 1][0],","","        bMin = lowerBounds[lowerBounds.length - 1][1],","        bMax = lowerBounds[0][1];","","    colorDictionary[name] = {","      hueRange: hueRange,","      lowerBounds: lowerBounds,","      saturationRange: [sMin, sMax],","      brightnessRange: [bMin, bMax]","    };","","  }","","  function loadColorBounds () {","","    defineColor(","      'monochrome',","      null,","      [[0,0],[100,0]]","    );","","    defineColor(","      'red',","      [-26,18],","      [[20,100],[30,92],[40,89],[50,85],[60,78],[70,70],[80,60],[90,55],[100,50]]","    );","","    defineColor(","      'orange',","      [19,46],","      [[20,100],[30,93],[40,88],[50,86],[60,85],[70,70],[100,70]]","    );","","    defineColor(","      'yellow',","      [47,62],","      [[25,100],[40,94],[50,89],[60,86],[70,84],[80,82],[90,80],[100,75]]","    );","","    defineColor(","      'green',","      [63,178],","      [[30,100],[40,90],[50,85],[60,81],[70,74],[80,64],[90,50],[100,40]]","    );","","    defineColor(","      'blue',","      [179, 257],","      [[20,100],[30,86],[40,80],[50,74],[60,60],[70,52],[80,44],[90,39],[100,35]]","    );","","    defineColor(","      'purple',","      [258, 282],","      [[20,100],[30,87],[40,79],[50,70],[60,65],[70,59],[80,52],[90,45],[100,42]]","    );","","    defineColor(","      'pink',","      [283, 334],","      [[20,100],[30,90],[40,86],[60,84],[80,80],[90,75],[100,73]]","    );","","  }","","  function HSVtoRGB (hsv) {","","    // this doesn't work for the values of 0 and 360","    // here's the hacky fix","    var h = hsv[0];","    if (h === 0) {h = 1;}","    if (h === 360) {h = 359;}","","    // Rebase the h,s,v values","    h = h/360;","    var s = hsv[1]/100,","        v = hsv[2]/100;","","    var h_i = Math.floor(h*6),","      f = h * 6 - h_i,","      p = v * (1 - s),","      q = v * (1 - f*s),","      t = v * (1 - (1 - f)*s),","      r = 256,","      g = 256,","      b = 256;","","    switch(h_i) {","      case 0: r = v; g = t; b = p;  break;","      case 1: r = q; g = v; b = p;  break;","      case 2: r = p; g = v; b = t;  break;","      case 3: r = p; g = q; b = v;  break;","      case 4: r = t; g = p; b = v;  break;","      case 5: r = v; g = p; b = q;  break;","    }","","    var result = [Math.floor(r*255), Math.floor(g*255), Math.floor(b*255)];","    return result;","  }","","  function HSVtoHSL (hsv) {","    var h = hsv[0],","      s = hsv[1]/100,","      v = hsv[2]/100,","      k = (2-s)*v;","","    return [","      h,","      Math.round(s*v / (k<1 ? k : 2-k) * 10000) / 100,","      k/2 * 100","    ];","  }","","  function stringToInteger (string) {","    var total = 0","    for (var i = 0; i !== string.length; i++) {","      if (total >= Number.MAX_SAFE_INTEGER) break;","      total += string.charCodeAt(i)","    }","    return total","  }","","  return randomColor;","}));",""],"l":{"4":1,"7":1,"8":0,"11":1,"12":1,"15":1,"16":1,"20":1,"24":0,"30":1,"33":1,"36":1,"38":1,"40":0,"44":0,"45":0,"48":0,"49":0,"52":0,"53":0,"57":0,"60":0,"63":0,"65":0,"68":0,"70":0,"75":0,"77":0,"80":0,"82":0,"86":0,"89":0,"92":0,"95":0,"98":1,"100":0,"105":0,"107":0,"111":1,"113":0,"114":0,"117":0,"118":0,"121":0,"123":0,"126":0,"129":0,"130":0,"133":0,"134":0,"137":0,"138":0,"141":0,"145":1,"147":0,"150":0,"153":0,"154":0,"157":0,"158":0,"161":0,"162":0,"163":0,"166":0,"169":1,"171":0,"174":0,"177":0,"180":0,"181":0,"184":0,"185":0,"188":0,"191":0,"192":0,"195":0,"196":0,"199":0,"204":1,"206":0,"208":0,"210":0,"213":0,"216":0,"218":0,"221":0,"226":0,"229":1,"231":0,"233":0,"235":0,"236":0,"241":0,"243":0,"244":0,"245":0,"249":0,"253":1,"254":0,"257":1,"260":0,"261":0,"264":0,"265":0,"266":0,"269":0,"271":0,"274":1,"275":0,"276":0,"279":0,"280":0,"281":0,"282":0,"283":0,"287":1,"289":0,"291":1,"292":0,"293":0,"296":0,"298":0,"302":1,"304":8,"310":8,"319":1,"321":1,"327":1,"333":1,"339":1,"345":1,"351":1,"357":1,"363":1,"371":1,"375":0,"376":0,"377":0,"380":0,"381":0,"384":0,"393":0,"394":0,"395":0,"396":0,"397":0,"398":0,"399":0,"402":0,"403":0,"406":1,"407":0,"412":0,"419":1,"420":0,"421":0,"422":0,"423":0,"425":0,"428":1}}}